
> uniteoman-frontend@1.0.0 dev
> vite --host --port 5173


  VITE v5.4.21  ready in 761 ms

  ➜  Local:   http://localhost:5173/
  ➜  Network: http://192.168.1.18:5173/
  ➜  press h + enter to show help
1:18:33 PM [vite] hmr update /src/pages/HomePage.jsx, /src/index.css
1:20:04 PM [vite] hmr update /src/pages/HomePage.jsx, /src/index.css
3:00:49 PM [vite] hmr update /src/pages/HomePage.jsx, /src/index.css
3:00:50 PM [vite] Internal server error: Failed to resolve import "framer-motion" from "src/components/home/DealsSection.jsx". Does the file exist?
  Plugin: vite:import-analysis
  File: /Users/darshan/Downloads/unite-oman-git/unite-Oman/frontend/src/components/home/DealsSection.jsx:3:23
  18 |  import { useQuery } from "@tanstack/react-query";
  19 |  import { businessApi } from "@/lib/api";
  20 |  import { motion } from "framer-motion";
     |                          ^
  21 |  import { Ticket, Zap, ArrowRight } from "lucide-react";
  22 |  import ServiceCard from "@/components/home/ServiceCard";
      at TransformPluginContext._formatError (file:///Users/darshan/Downloads/unite-oman-git/unite-Oman/frontend/node_modules/vite/dist/node/chunks/dep-BK3b2jBa.js:49258:41)
      at TransformPluginContext.error (file:///Users/darshan/Downloads/unite-oman-git/unite-Oman/frontend/node_modules/vite/dist/node/chunks/dep-BK3b2jBa.js:49253:16)
      at normalizeUrl (file:///Users/darshan/Downloads/unite-oman-git/unite-Oman/frontend/node_modules/vite/dist/node/chunks/dep-BK3b2jBa.js:64307:23)
      at process.processTicksAndRejections (node:internal/process/task_queues:105:5)
      at async file:///Users/darshan/Downloads/unite-oman-git/unite-Oman/frontend/node_modules/vite/dist/node/chunks/dep-BK3b2jBa.js:64439:39
      at async Promise.all (index 5)
      at async TransformPluginContext.transform (file:///Users/darshan/Downloads/unite-oman-git/unite-Oman/frontend/node_modules/vite/dist/node/chunks/dep-BK3b2jBa.js:64366:7)
      at async PluginContainer.transform (file:///Users/darshan/Downloads/unite-oman-git/unite-Oman/frontend/node_modules/vite/dist/node/chunks/dep-BK3b2jBa.js:49099:18)
      at async loadAndTransform (file:///Users/darshan/Downloads/unite-oman-git/unite-Oman/frontend/node_modules/vite/dist/node/chunks/dep-BK3b2jBa.js:51978:27)
3:00:50 PM [vite] Pre-transform error: Failed to resolve import "framer-motion" from "src/components/home/DealsSection.jsx". Does the file exist?
3:00:50 PM [vite] Internal server error: Failed to resolve import "framer-motion" from "src/components/home/DealsSection.jsx". Does the file exist?
  Plugin: vite:import-analysis
  File: /Users/darshan/Downloads/unite-oman-git/unite-Oman/frontend/src/components/home/DealsSection.jsx:3:23
  18 |  import { useQuery } from "@tanstack/react-query";
  19 |  import { businessApi } from "@/lib/api";
  20 |  import { motion } from "framer-motion";
     |                          ^
  21 |  import { Ticket, Zap, ArrowRight } from "lucide-react";
  22 |  import ServiceCard from "@/components/home/ServiceCard";
      at TransformPluginContext._formatError (file:///Users/darshan/Downloads/unite-oman-git/unite-Oman/frontend/node_modules/vite/dist/node/chunks/dep-BK3b2jBa.js:49258:41)
      at TransformPluginContext.error (file:///Users/darshan/Downloads/unite-oman-git/unite-Oman/frontend/node_modules/vite/dist/node/chunks/dep-BK3b2jBa.js:49253:16)
      at normalizeUrl (file:///Users/darshan/Downloads/unite-oman-git/unite-Oman/frontend/node_modules/vite/dist/node/chunks/dep-BK3b2jBa.js:64307:23)
      at process.processTicksAndRejections (node:internal/process/task_queues:105:5)
      at async file:///Users/darshan/Downloads/unite-oman-git/unite-Oman/frontend/node_modules/vite/dist/node/chunks/dep-BK3b2jBa.js:64439:39
      at async Promise.all (index 5)
      at async TransformPluginContext.transform (file:///Users/darshan/Downloads/unite-oman-git/unite-Oman/frontend/node_modules/vite/dist/node/chunks/dep-BK3b2jBa.js:64366:7)
      at async PluginContainer.transform (file:///Users/darshan/Downloads/unite-oman-git/unite-Oman/frontend/node_modules/vite/dist/node/chunks/dep-BK3b2jBa.js:49099:18)
      at async loadAndTransform (file:///Users/darshan/Downloads/unite-oman-git/unite-Oman/frontend/node_modules/vite/dist/node/chunks/dep-BK3b2jBa.js:51978:27)
      at async viteTransformMiddleware (file:///Users/darshan/Downloads/unite-oman-git/unite-Oman/frontend/node_modules/vite/dist/node/chunks/dep-BK3b2jBa.js:62106:24)
3:01:05 PM [vite] hmr update /src/pages/HomePage.jsx, /src/index.css
3:01:05 PM [vite] Pre-transform error: Failed to resolve import "framer-motion" from "src/components/home/DealsSection.jsx". Does the file exist?
3:01:14 PM [vite] Internal server error: Failed to resolve import "framer-motion" from "src/components/home/DealsSection.jsx". Does the file exist?
  Plugin: vite:import-analysis
  File: /Users/darshan/Downloads/unite-oman-git/unite-Oman/frontend/src/components/home/DealsSection.jsx:3:23
  18 |  import { useQuery } from "@tanstack/react-query";
  19 |  import { businessApi } from "@/lib/api";
  20 |  import { motion } from "framer-motion";
     |                          ^
  21 |  import { Ticket, Zap, ArrowRight } from "lucide-react";
  22 |  import ServiceCard from "@/components/home/ServiceCard";
      at TransformPluginContext._formatError (file:///Users/darshan/Downloads/unite-oman-git/unite-Oman/frontend/node_modules/vite/dist/node/chunks/dep-BK3b2jBa.js:49258:41)
      at TransformPluginContext.error (file:///Users/darshan/Downloads/unite-oman-git/unite-Oman/frontend/node_modules/vite/dist/node/chunks/dep-BK3b2jBa.js:49253:16)
      at normalizeUrl (file:///Users/darshan/Downloads/unite-oman-git/unite-Oman/frontend/node_modules/vite/dist/node/chunks/dep-BK3b2jBa.js:64307:23)
      at process.processTicksAndRejections (node:internal/process/task_queues:105:5)
      at async file:///Users/darshan/Downloads/unite-oman-git/unite-Oman/frontend/node_modules/vite/dist/node/chunks/dep-BK3b2jBa.js:64439:39
      at async Promise.all (index 5)
      at async TransformPluginContext.transform (file:///Users/darshan/Downloads/unite-oman-git/unite-Oman/frontend/node_modules/vite/dist/node/chunks/dep-BK3b2jBa.js:64366:7)
      at async PluginContainer.transform (file:///Users/darshan/Downloads/unite-oman-git/unite-Oman/frontend/node_modules/vite/dist/node/chunks/dep-BK3b2jBa.js:49099:18)
      at async loadAndTransform (file:///Users/darshan/Downloads/unite-oman-git/unite-Oman/frontend/node_modules/vite/dist/node/chunks/dep-BK3b2jBa.js:51978:27)
      at async viteTransformMiddleware (file:///Users/darshan/Downloads/unite-oman-git/unite-Oman/frontend/node_modules/vite/dist/node/chunks/dep-BK3b2jBa.js:62106:24)
3:02:52 PM [vite] ✨ new dependencies optimized: framer-motion
3:02:52 PM [vite] ✨ optimized dependencies changed. reloading
3:05:04 PM [vite] hmr update /src/components/home/ServiceCard.jsx, /src/index.css
3:05:05 PM [vite] hmr update /src/components/home/DealsSection.jsx, /src/index.css
3:05:07 PM [vite] hmr update /src/components/home/ServiceShelf.jsx, /src/index.css
3:10:13 PM [vite] hmr update /src/components/home/ServiceCard.jsx, /src/index.css
3:10:17 PM [vite] hmr update /src/components/home/DealsSection.jsx, /src/index.css
3:10:19 PM [vite] hmr update /src/components/home/ServiceShelf.jsx, /src/index.css
3:10:43 PM [vite] hmr update /src/pages/HomePage.jsx, /src/index.css
3:15:31 PM [vite] hmr update /src/components/home/ServiceCard.jsx, /src/index.css
3:16:34 PM [vite] hmr update /src/components/home/ServiceShelf.jsx, /src/index.css
3:16:51 PM [vite] hmr update /src/components/home/DealsSection.jsx, /src/index.css
3:21:06 PM [vite] hmr update /src/components/home/ServiceCard.jsx, /src/index.css
3:21:08 PM [vite] hmr update /src/components/home/ServiceShelf.jsx, /src/index.css
3:21:10 PM [vite] hmr update /src/components/home/DealsSection.jsx, /src/index.css
3:21:56 PM [vite] hmr update /src/components/home/ServiceShelf.jsx, /src/index.css
3:23:45 PM [vite] hmr update /src/components/home/ServiceCard.jsx, /src/index.css
3:29:43 PM [vite] hmr update /src/pages/HomePage.jsx, /src/index.css
3:31:08 PM [vite] hmr update /src/components/home/ServiceShelf.jsx, /src/index.css
3:31:10 PM [vite] hmr update /src/components/home/DealsSection.jsx, /src/index.css
6:12:17 PM [vite] hmr update /src/components/layout/Navbar.jsx, /src/index.css
6:12:17 PM [vite] warning: The character ">" is not valid inside a JSX element
289|                </div>
290|              </div> :
291|            null}v>
   |                  ^
292|          </div>
293|        </div>

  Plugin: vite:esbuild
  File: /Users/darshan/Downloads/unite-oman-git/unite-Oman/frontend/src/components/layout/Navbar.jsx
6:12:35 PM [vite] hmr update /src/components/layout/Navbar.jsx, /src/index.css
6:15:09 PM [vite] hmr update /src/components/ui/index.jsx, /src/index.css
6:17:51 PM [vite] hmr update /src/pages/HomePage.jsx, /src/index.css
6:32:38 PM [vite] hmr update /src/pages/HomePage.jsx, /src/index.css
6:34:29 PM [vite] hmr update /src/pages/HomePage.jsx, /src/index.css
6:37:50 PM [vite] hmr update /src/components/home/HomeInfoSections.jsx, /src/index.css
6:39:51 PM [vite] hmr update /src/components/home/HomeInfoSections.jsx, /src/index.css
